[2016-07-23 17:23:25.301] [INFO] console - Node app is running, port: 18080
[2016-07-23 17:45:52.043] [INFO] console - Node app is running, port: 18080
[2016-07-23 17:46:49.441] [INFO] console - Node app is running, port: 18080
[2016-07-23 17:48:04.711] [ERROR] console - connection error: { [MongoError: connect ETIMEDOUT 10.16.83.209:8908]
  name: 'MongoError',
  message: 'connect ETIMEDOUT 10.16.83.209:8908' }
Error: connect ETIMEDOUT 10.16.83.209:8908
    at Object.exports._errnoException (util.js:870:11)
    at exports._exceptionWithHostPort (util.js:893:20)
    at TCPConnectWrap.afterConnect [as oncomplete] (net.js:1062:14)
[2016-07-23 18:12:50.980] [INFO] console - Node app is running, port: 18080
[2016-07-23 18:14:28.088] [INFO] console - Node app is running, port: 3000
[2016-07-23 18:14:37.602] [INFO] console - add model Account
[2016-07-23 18:14:37.606] [INFO] console - add model Audit
[2016-07-23 18:14:37.610] [INFO] console - add model Bid
[2016-07-23 18:14:37.612] [INFO] console - add model Blacklist
[2016-07-23 18:14:37.617] [INFO] console - add model Customer
[2016-07-23 18:14:37.618] [INFO] console - add model Game
[2016-07-23 18:14:37.619] [INFO] console - add model Gift
[2016-07-23 18:14:37.621] [INFO] console - add model Log
[2016-07-23 18:14:37.623] [INFO] console - add model MaxBid
[2016-07-23 18:14:37.626] [INFO] console - add model Message
[2016-07-23 18:14:37.627] [INFO] console - add model Notification
[2016-07-23 18:14:37.628] [INFO] console - add model Order
[2016-07-23 18:14:37.630] [INFO] console - add model Project
[2016-07-23 18:14:37.631] [INFO] console - add model Rank
[2016-07-23 18:14:37.632] [INFO] console - add model Report
[2016-07-23 18:14:37.635] [INFO] console - connect mongodb succeed mongodb://weiyoushijie:weiyugame@ds023644.mlab.com:23644/weiyoushijie
[2016-07-23 18:21:52.633] [INFO] console - Node app is running, port: 3000
[2016-07-23 18:21:54.911] [INFO] console - add model Account
[2016-07-23 18:21:54.914] [INFO] console - add model Audit
[2016-07-23 18:21:54.921] [INFO] console - add model Bid
[2016-07-23 18:21:54.922] [INFO] console - add model Blacklist
[2016-07-23 18:21:54.925] [INFO] console - add model Customer
[2016-07-23 18:21:54.926] [INFO] console - add model Game
[2016-07-23 18:21:54.927] [INFO] console - add model Gift
[2016-07-23 18:21:54.929] [INFO] console - add model Log
[2016-07-23 18:21:54.930] [INFO] console - add model MaxBid
[2016-07-23 18:21:54.932] [INFO] console - add model Message
[2016-07-23 18:21:54.932] [INFO] console - add model Notification
[2016-07-23 18:21:54.934] [INFO] console - add model Order
[2016-07-23 18:21:54.935] [INFO] console - add model Project
[2016-07-23 18:21:54.936] [INFO] console - add model Rank
[2016-07-23 18:21:54.938] [INFO] console - add model Report
[2016-07-23 18:21:54.938] [INFO] console - connect mongodb succeed mongodb://weiyoushijie:weiyugame@ds023644.mlab.com:23644/weiyoushijie
